<?xml version="1.0" encoding="UTF-8"?>
<!-- Generated by org.testng.reporters.JUnitXMLReporter -->
<testsuite ignored="0" hostname="LAPTOP-LHHKFES4" failures="0" tests="2" name="Default test" time="7.048" errors="0" timestamp="2024-08-25T01:09:18 IST">
  <testcase classname="Data_Provider_Multi_Dimmensional.Username_passsword_Example" name="testcase1" time="4.301"/>
  <testcase classname="Data_Provider_Multi_Dimmensional.Username_passsword_Example" name="testcase1" time="2.709"/>
</testsuite> <!-- Default test -->
