<?xml version="1.0" encoding="UTF-8"?>
<!-- Generated by org.testng.reporters.JUnitXMLReporter -->
<testsuite ignored="0" hostname="LAPTOP-LHHKFES4" failures="0" tests="5" name="Testone" time="39.837" errors="0" timestamp="2024-08-06T19:46:56 IST">
  <testcase classname="Select_Broswe_among_4.Program_New" name="Testcase1" time="7.44"/>
  <testcase classname="Select_Broswe_among_4.Program_New" name="Testcase2" time="0.002"/>
  <testcase classname="Select_Broswe_among_4.Program_New" name="Testcase3" time="0.003"/>
  <testcase classname="Select_Broswe_among_4.Program_New" name="Testcase4" time="32.331"/>
  <testcase classname="Select_Broswe_among_4.Program_New" name="Testcase5" time="0.0"/>
</testsuite> <!-- Testone -->
