<?xml version="1.0" encoding="UTF-8"?>
<testng-results ignored="0" total="2" passed="2" failed="0" skipped="0">
  <reporter-output>
  </reporter-output>
  <suite started-at="2024-08-29T19:11:28 IST" name="Suite" finished-at="2024-08-29T19:11:49 IST" duration-ms="21431">
    <groups>
    </groups>
    <test started-at="2024-08-29T19:11:28 IST" name="Test" finished-at="2024-08-29T19:11:49 IST" duration-ms="21431">
      <class name="Before_After_Method_Concept.Test_case_1">
        <test-method is-config="true" signature="launch()[pri:0, instance:Before_After_Method_Concept.Test_case_1@39529185]" started-at="2024-08-29T19:11:28 IST" name="launch" finished-at="2024-08-29T19:11:32 IST" duration-ms="4496" status="PASS">
          <reporter-output>
          </reporter-output>
        </test-method> <!-- launch -->
        <test-method signature="shoes()[pri:0, instance:Before_After_Method_Concept.Test_case_1@39529185]" started-at="2024-08-29T19:11:32 IST" name="shoes" finished-at="2024-08-29T19:11:41 IST" duration-ms="8144" status="PASS">
          <reporter-output>
          </reporter-output>
        </test-method> <!-- shoes -->
        <test-method is-config="true" signature="quit()[pri:0, instance:Before_After_Method_Concept.Test_case_1@39529185]" started-at="2024-08-29T19:11:41 IST" name="quit" finished-at="2024-08-29T19:11:41 IST" duration-ms="321" status="PASS">
          <reporter-output>
          </reporter-output>
        </test-method> <!-- quit -->
      </class> <!-- Before_After_Method_Concept.Test_case_1 -->
      <class name="Before_After_Method_Concept.Test_case_2">
        <test-method is-config="true" signature="launch()[pri:0, instance:Before_After_Method_Concept.Test_case_2@61862a7f]" started-at="2024-08-29T19:11:41 IST" name="launch" finished-at="2024-08-29T19:11:44 IST" duration-ms="3304" status="PASS">
          <reporter-output>
          </reporter-output>
        </test-method> <!-- launch -->
        <test-method signature="mobile()[pri:0, instance:Before_After_Method_Concept.Test_case_2@61862a7f]" started-at="2024-08-29T19:11:44 IST" name="mobile" finished-at="2024-08-29T19:11:49 IST" duration-ms="4939" status="PASS">
          <reporter-output>
          </reporter-output>
        </test-method> <!-- mobile -->
        <test-method is-config="true" signature="quit()[pri:0, instance:Before_After_Method_Concept.Test_case_2@61862a7f]" started-at="2024-08-29T19:11:49 IST" name="quit" finished-at="2024-08-29T19:11:49 IST" duration-ms="194" status="PASS">
          <reporter-output>
          </reporter-output>
        </test-method> <!-- quit -->
      </class> <!-- Before_After_Method_Concept.Test_case_2 -->
    </test> <!-- Test -->
  </suite> <!-- Suite -->
</testng-results>
