<?xml version="1.0" encoding="UTF-8"?>
<!-- Generated by org.testng.reporters.JUnitXMLReporter -->
<testsuite ignored="0" hostname="LAPTOP-LHHKFES4" failures="0" tests="5" name="Testing on edge" time="14.926" errors="0" timestamp="2024-08-08T08:51:14 IST">
  <testcase classname="Select_Broswe_among_4.Program_New" name="Testcase1" time="0.002"/>
  <testcase classname="Select_Broswe_among_4.Program_New" name="Testcase2" time="0.0"/>
  <testcase classname="Select_Broswe_among_4.Program_New" name="Testcase3" time="0.001"/>
  <testcase classname="Select_Broswe_among_4.Program_New" name="Testcase4" time="7.568"/>
  <testcase classname="Select_Broswe_among_4.Program_New" name="Testcase5" time="7.342"/>
</testsuite> <!-- Testing on edge -->
