<?xml version="1.0" encoding="UTF-8"?>
<!-- Generated by org.testng.reporters.JUnitXMLReporter -->
<testsuite ignored="0" hostname="LAPTOP-LHHKFES4" failures="0" tests="5" name="Testing on chrome" time="13.857" errors="0" timestamp="2024-08-08T08:50:59 IST">
  <testcase classname="Select_Broswe_among_4.Program_New" name="Testcase1" time="13.802"/>
  <testcase classname="Select_Broswe_among_4.Program_New" name="Testcase2" time="0.0"/>
  <testcase classname="Select_Broswe_among_4.Program_New" name="Testcase3" time="0.002"/>
  <testcase classname="Select_Broswe_among_4.Program_New" name="Testcase4" time="0.001"/>
  <testcase classname="Select_Broswe_among_4.Program_New" name="Testcase5" time="0.001"/>
</testsuite> <!-- Testing on chrome -->
